<?xml version="1.0" encoding="UTF-8"?>
<!-- Generated by org.testng.reporters.JUnitXMLReporter -->
<testsuite hostname="RommelStation" ignored="6" name="Default test" tests="2" failures="0" timestamp="05 May 2017 18:02:02 GMT" time="109.383" errors="0">
  <testcase name="VerifyLogIn" time="42.475" classname="com.au.tests.AmaysimTest"/>
  <testcase name="VerifySelectUsageAlerts" time="66.525" classname="com.au.tests.AmaysimTest"/>
  <testcase name="VerifyselectCallWaiting" time="0.0" classname="com.au.tests.AmaysimTest">
    <ignored/>
  </testcase> <!-- VerifyselectCallWaiting -->
  <testcase name="validateSetNickName" time="0.0" classname="com.au.tests.AmaysimTest">
    <ignored/>
  </testcase> <!-- validateSetNickName -->
  <testcase name="VerifyselectVoiceMail" time="0.0" classname="com.au.tests.AmaysimTest">
    <ignored/>
  </testcase> <!-- VerifyselectVoiceMail -->
  <testcase name="VerifyselectCallerID" time="0.0" classname="com.au.tests.AmaysimTest">
    <ignored/>
  </testcase> <!-- VerifyselectCallerID -->
  <testcase name="validateEditPIN" time="0.0" classname="com.au.tests.AmaysimTest">
    <ignored/>
  </testcase> <!-- validateEditPIN -->
  <testcase name="VerifyselectInternationalRoaming" time="0.0" classname="com.au.tests.AmaysimTest">
    <ignored/>
  </testcase> <!-- VerifyselectInternationalRoaming -->
</testsuite> <!-- Default test -->
