<?xml version="1.0" encoding="UTF-8"?>
<testng-results skipped="0" failed="0" ignored="6" total="8" passed="2">
  <reporter-output>
  </reporter-output>
  <suite name="Default suite" duration-ms="109383" started-at="2017-05-05T18:00:13Z" finished-at="2017-05-05T18:02:02Z">
    <groups>
    </groups>
    <test name="Default test" duration-ms="109383" started-at="2017-05-05T18:00:13Z" finished-at="2017-05-05T18:02:02Z">
      <class name="com.au.tests.AmaysimTest">
        <test-method status="PASS" signature="VerifyLogIn()[pri:1, instance:com.au.tests.AmaysimTest@3bfdc050]" name="VerifyLogIn" duration-ms="42475" started-at="2017-05-06T02:00:13Z" finished-at="2017-05-06T02:00:55Z">
          <reporter-output>
          </reporter-output>
        </test-method> <!-- VerifyLogIn -->
        <test-method status="PASS" signature="VerifySelectUsageAlerts()[pri:7, instance:com.au.tests.AmaysimTest@3bfdc050]" name="VerifySelectUsageAlerts" duration-ms="66525" started-at="2017-05-06T02:00:55Z" finished-at="2017-05-06T02:02:02Z">
          <reporter-output>
          </reporter-output>
        </test-method> <!-- VerifySelectUsageAlerts -->
        <test-method status="PASS" signature="tearDown()[pri:0, instance:com.au.tests.AmaysimTest@3bfdc050]" name="tearDown" is-config="true" duration-ms="371" started-at="2017-05-06T02:02:02Z" finished-at="2017-05-06T02:02:02Z">
          <reporter-output>
          </reporter-output>
        </test-method> <!-- tearDown -->
      </class> <!-- com.au.tests.AmaysimTest -->
    </test> <!-- Default test -->
  </suite> <!-- Default suite -->
</testng-results>
