<?xml version="1.0" encoding="UTF-8"?>
<testng-results skipped="0" failed="0" ignored="6" total="9" passed="3">
  <reporter-output>
  </reporter-output>
  <suite name="Default suite" duration-ms="138677" started-at="2017-05-06T05:17:45Z" finished-at="2017-05-06T05:20:04Z">
    <groups>
    </groups>
    <test name="Default test" duration-ms="138677" started-at="2017-05-06T05:17:45Z" finished-at="2017-05-06T05:20:04Z">
      <class name="com.au.tests.AmaysimTest">
        <test-method status="PASS" signature="VerifyLogIn()[pri:1, instance:com.au.tests.AmaysimTest@3bfdc050]" name="VerifyLogIn" duration-ms="45331" started-at="2017-05-06T13:17:45Z" finished-at="2017-05-06T13:18:30Z">
          <reporter-output>
          </reporter-output>
        </test-method> <!-- VerifyLogIn -->
        <test-method status="PASS" signature="VerifySelectUsageAlerts()[pri:7, instance:com.au.tests.AmaysimTest@3bfdc050]" name="VerifySelectUsageAlerts" duration-ms="66585" started-at="2017-05-06T13:18:30Z" finished-at="2017-05-06T13:19:37Z">
          <reporter-output>
          </reporter-output>
        </test-method> <!-- VerifySelectUsageAlerts -->
        <test-method status="PASS" signature="VerifyEnableCallForward()[pri:9, instance:com.au.tests.AmaysimTest@3bfdc050]" name="VerifyEnableCallForward" duration-ms="26319" started-at="2017-05-06T13:19:37Z" finished-at="2017-05-06T13:20:03Z">
          <reporter-output>
          </reporter-output>
        </test-method> <!-- VerifyEnableCallForward -->
        <test-method status="PASS" signature="tearDown()[pri:0, instance:com.au.tests.AmaysimTest@3bfdc050]" name="tearDown" is-config="true" duration-ms="428" started-at="2017-05-06T13:20:03Z" finished-at="2017-05-06T13:20:04Z">
          <reporter-output>
          </reporter-output>
        </test-method> <!-- tearDown -->
      </class> <!-- com.au.tests.AmaysimTest -->
    </test> <!-- Default test -->
  </suite> <!-- Default suite -->
</testng-results>
